08-12-2016 @ 12:34:42 - ---[ New Import ] PHP Memory: 128 MB, WP Memory: 64 MB
08-12-2016 @ 12:34:42 - Parsing products CSV.
08-12-2016 @ 12:34:42 - Finished parsing products CSV.
08-12-2016 @ 12:34:42 - ---
08-12-2016 @ 12:34:42 - Processing products.
08-12-2016 @ 12:34:42 - > Row 1 - preparing for import.
08-12-2016 @ 12:34:42 - > Inserting 
08-12-2016 @ 12:34:42 - Failed to import product &#8220;&#8221;
08-12-2016 @ 12:34:42 - > Row 2 - preparing for import.
08-12-2016 @ 12:34:42 - > Inserting 
08-12-2016 @ 12:34:42 - Failed to import product &#8220;&#8221;
08-12-2016 @ 12:34:42 - Finished processing products.
08-15-2016 @ 09:49:39 - ---[ New Import ] PHP Memory: 128 MB, WP Memory: 64 MB
08-15-2016 @ 09:49:39 - Parsing products CSV.
08-15-2016 @ 09:49:39 - Finished parsing products CSV.
08-15-2016 @ 09:49:39 - ---
08-15-2016 @ 09:49:39 - Processing products.
08-15-2016 @ 09:49:39 - > Row 1 - preparing for import.
08-15-2016 @ 09:49:39 - > Inserting 
08-15-2016 @ 09:49:39 - Failed to import product &#8220;&#8221;
08-15-2016 @ 09:49:39 - Finished processing products.
08-15-2016 @ 10:46:30 - ---[ New Import ] PHP Memory: 128 MB, WP Memory: 64 MB
08-15-2016 @ 10:46:30 - Parsing products CSV.
08-15-2016 @ 10:46:30 - Finished parsing products CSV.
08-15-2016 @ 10:46:30 - ---
08-15-2016 @ 10:46:30 - Processing products.
08-15-2016 @ 10:46:30 - > Row 1 - preparing for import.
08-15-2016 @ 10:46:30 - > Inserting 
08-15-2016 @ 10:46:30 - Failed to import product &#8220;&#8221;
08-15-2016 @ 10:46:30 - > Row 2 - preparing for import.
08-15-2016 @ 10:46:31 - > Inserting 
08-15-2016 @ 10:46:31 - Failed to import product &#8220;&#8221;
08-15-2016 @ 10:46:31 - > Row 3 - preparing for import.
08-15-2016 @ 10:46:31 - > Inserting 
08-15-2016 @ 10:46:31 - Failed to import product &#8220;&#8221;
08-15-2016 @ 10:46:31 - Finished processing products.
08-15-2016 @ 10:47:27 - ---[ New Import ] PHP Memory: 128 MB, WP Memory: 64 MB
08-15-2016 @ 10:47:27 - Parsing products CSV.
08-15-2016 @ 10:47:27 - Finished parsing products CSV.
08-15-2016 @ 10:47:27 - ---
08-15-2016 @ 10:47:27 - Processing products.
08-15-2016 @ 10:47:27 - > Row 1 - preparing for import.
08-15-2016 @ 10:47:27 - > Inserting 
08-15-2016 @ 10:47:27 - Failed to import product &#8220;&#8221;
08-15-2016 @ 10:47:27 - > Row 2 - preparing for import.
08-15-2016 @ 10:47:27 - > Inserting 
08-15-2016 @ 10:47:27 - Failed to import product &#8220;&#8221;
08-15-2016 @ 10:47:27 - > Row 3 - preparing for import.
08-15-2016 @ 10:47:27 - > Inserting 
08-15-2016 @ 10:47:27 - Failed to import product &#8220;&#8221;
08-15-2016 @ 10:47:27 - Finished processing products.
